c:\users\eoyz1\source\repos\newton\newton\x64\debug\vc142.pdb
c:\users\eoyz1\source\repos\newton\newton\x64\debug\vc142.idb
c:\users\eoyz1\source\repos\newton\newton\x64\debug\starter.obj
c:\users\eoyz1\source\repos\newton\newton\x64\debug\sphere.obj
c:\users\eoyz1\source\repos\newton\newton\x64\debug\shader.obj
c:\users\eoyz1\source\repos\newton\newton\x64\debug\program.obj
c:\users\eoyz1\source\repos\newton\newton\x64\debug\plane.obj
c:\users\eoyz1\source\repos\newton\newton\x64\debug\model.obj
c:\users\eoyz1\source\repos\newton\newton\x64\debug\mesh.obj
c:\users\eoyz1\source\repos\newton\newton\x64\debug\math.obj
c:\users\eoyz1\source\repos\newton\newton\x64\debug\cuboid.obj
c:\users\eoyz1\source\repos\newton\newton\x64\debug\newton.ilk
c:\users\eoyz1\source\repos\newton\x64\debug\newton.exe
c:\users\eoyz1\source\repos\newton\x64\debug\newton.pdb
c:\users\eoyz1\source\repos\newton\x64\debug\newton.lib
c:\users\eoyz1\source\repos\newton\x64\debug\newton.exp
c:\users\eoyz1\source\repos\newton\newton\x64\debug\newton.tlog\cl.command.1.tlog
c:\users\eoyz1\source\repos\newton\newton\x64\debug\newton.tlog\cl.read.1.tlog
c:\users\eoyz1\source\repos\newton\newton\x64\debug\newton.tlog\cl.write.1.tlog
c:\users\eoyz1\source\repos\newton\newton\x64\debug\newton.tlog\link.command.1.tlog
c:\users\eoyz1\source\repos\newton\newton\x64\debug\newton.tlog\link.read.1.tlog
c:\users\eoyz1\source\repos\newton\newton\x64\debug\newton.tlog\link.write.1.tlog
c:\users\eoyz1\source\repos\newton\newton\x64\debug\newton.tlog\newton.write.1u.tlog
